<?xml version="1.0" encoding="UTF-8"?>
<!-- Generated by org.testng.reporters.JUnitXMLReporter -->
<testsuite hostname="KAI-DT136" name="Live Tests" tests="6" failures="0" timestamp="16 May 2016 12:05:44 GMT" time="649.691" errors="0">
  <testcase name="ValidAuthorisedPlayerLogin" time="108.628" classname="com.SchoolOfDragons.LiveGemsPageChecks.TestCase14"/>
  <testcase name="ValidAuthorisedPlayerLogin" time="109.97" classname="com.SchoolOfDragons.LiveGemsPageChecks.TestCase15"/>
  <testcase name="ValidAuthorisedPlayerLogin" time="100.401" classname="com.SchoolOfDragons.LiveGemsPageChecks.TestCase16"/>
  <testcase name="ValidAuthorisedPlayerLogin" time="98.318" classname="com.SchoolOfDragons.LiveGemsPageChecks.TestCase17"/>
  <testcase name="ValidAuthorisedPlayerLogin" time="98.983" classname="com.SchoolOfDragons.LiveGemsPageChecks.TestCase18"/>
  <testcase name="ValidAuthorisedPlayerLogin" time="97.958" classname="com.SchoolOfDragons.LiveGemsPageChecks.TestCase19"/>
</testsuite> <!-- Live Tests -->
