<?xml version="1.0" encoding="UTF-8"?>
<!-- Generated by org.testng.reporters.JUnitXMLReporter -->
<testsuite hostname="KAI-DT136" name="Live Tests" tests="6" failures="0" timestamp="16 May 2016 07:00:29 GMT" time="573.45" errors="0">
  <testcase name="@AfterTest sendMail" time="0.0" classname="com.SchoolOfDragons.LiveGemsPageChecks.TestCase2">
    <failure type="java.lang.NoClassDefFoundError" message="javax/mail/MessagingException">
      <![CDATA[java.lang.NoClassDefFoundError: javax/mail/MessagingException
	at com.SchoolOfDragons.LiveGemsPageChecks.TestCase2.sendMail(TestCase2.java:125)
Caused by: java.lang.ClassNotFoundException: javax.mail.MessagingException
	at java.net.URLClassLoader.findClass(Unknown Source)
	at java.lang.ClassLoader.loadClass(Unknown Source)
	at sun.misc.Launcher$AppClassLoader.loadClass(Unknown Source)
	at java.lang.ClassLoader.loadClass(Unknown Source)
	... 23 more
... Removed 22 stack frames]]>
    </failure>
  </testcase> <!-- @AfterTest sendMail -->
  <testcase name="ValidAuthorisedPlayerLogin" time="89.992" classname="com.SchoolOfDragons.LiveGemsPageChecks.TestCase2"/>
  <testcase name="ValidAuthorisedPlayerLogin" time="93.553" classname="com.SchoolOfDragons.LiveGemsPageChecks.TestCase3"/>
  <testcase name="ValidAuthorisedPlayerLogin" time="91.859" classname="com.SchoolOfDragons.LiveGemsPageChecks.TestCase4"/>
  <testcase name="ValidAuthorisedPlayerLogin" time="90.451" classname="com.SchoolOfDragons.LiveGemsPageChecks.TestCase5"/>
  <testcase name="ValidAuthorisedPlayerLogin" time="88.502" classname="com.SchoolOfDragons.LiveGemsPageChecks.TestCase6"/>
  <testcase name="ValidAuthorisedPlayerLogin" time="87.46" classname="com.SchoolOfDragons.LiveGemsPageChecks.TestCase7"/>
</testsuite> <!-- Live Tests -->
